To honour the JVM settings for this build a single-use Daemon process will be forked. For more on this, please refer to https://docs.gradle.org/8.7/userguide/gradle_daemon.html#sec:disabling_the_daemon in the Gradle documentation.
Daemon will be stopped at the end of the build 
WARNING: We recommend using a newer Android Gradle plugin to use compileSdk = 35

This Android Gradle plugin (8.5.0) was tested up to compileSdk = 34.

You are strongly encouraged to update your project to use a newer
Android Gradle plugin that has been tested with compileSdk = 35.

If you are already using the latest version of the Android Gradle plugin,
you may need to wait until a newer version with support for compileSdk = 35 is available.

For more information refer to the compatibility table:
https://d.android.com/r/tools/api-level-support

To suppress this warning, add/update
    android.suppressUnsupportedCompileSdk=35
to this project's gradle.properties.
> Task :app:preBuild UP-TO-DATE
> Task :app:preDebugBuild UP-TO-DATE
> Task :app:mergeDebugNativeDebugMetadata NO-SOURCE
> Task :app:checkKotlinGradlePluginConfigurationErrors SKIPPED
> Task :app:dataBindingMergeDependencyArtifactsDebug UP-TO-DATE
> Task :app:generateDebugResValues UP-TO-DATE
> Task :app:generateDebugResources
> Task :app:processDebugGoogleServices UP-TO-DATE
> Task :app:packageDebugResources
> Task :app:mergeDebugResources
> Task :app:generateDebugBuildConfig UP-TO-DATE
> Task :app:checkDebugAarMetadata UP-TO-DATE
> Task :app:mapDebugSourceSetPaths
> Task :app:createDebugCompatibleScreenManifests UP-TO-DATE
> Task :app:extractDeepLinksDebug UP-TO-DATE
> Task :app:processDebugMainManifest UP-TO-DATE
> Task :app:processDebugManifest UP-TO-DATE
> Task :app:processDebugManifestForPackage UP-TO-DATE
> Task :app:parseDebugLocalResources
> Task :app:javaPreCompileDebug UP-TO-DATE
> Task :app:dataBindingGenBaseClassesDebug
> Task :app:mergeDebugShaders UP-TO-DATE
> Task :app:compileDebugShaders NO-SOURCE
> Task :app:generateDebugAssets UP-TO-DATE
> Task :app:mergeDebugAssets UP-TO-DATE
> Task :app:compressDebugAssets UP-TO-DATE
> Task :app:desugarDebugFileDependencies UP-TO-DATE
> Task :app:checkDebugDuplicateClasses UP-TO-DATE
> Task :app:mergeDebugStartupProfile UP-TO-DATE
> Task :app:mergeExtDexDebug UP-TO-DATE
> Task :app:mergeLibDexDebug UP-TO-DATE
> Task :app:mergeDebugJniLibFolders UP-TO-DATE
> Task :app:mergeDebugNativeLibs UP-TO-DATE
> Task :app:stripDebugDebugSymbols UP-TO-DATE
> Task :app:validateSigningDebug UP-TO-DATE
> Task :app:writeDebugAppMetadata UP-TO-DATE
> Task :app:writeDebugSigningConfigVersions UP-TO-DATE
> Task :app:processDebugResources
> Task :app:kspDebugKotlin

> Task :app:kaptGenerateStubsDebugKotlin
w: K2 kapt is an experimental feature. Use with caution.

> Task :app:kaptDebugKotlin

> Task :app:compileDebugKotlin FAILED
./gradlew : e: file:/
//C:/Users/mukht/Desk
top/Android/Vitalis/a
pp/src/main/java/com/
gideongeng/Vitalis/UI
/Home_fragment/Profil
e/Profile_fragment.kt
:169:22 Unresolved 
reference 'TextView'.
At line:1 char:1
+ ./gradlew 
assembleDebug 
--no-daemon 
--stacktrace > 
build_error_36.txt 
...
+ ~~~~~~~~~~~~~~~~~~~
~~~~~~~~~~~~~~~~~~~~~
~~~~~~~~~~~~~~~~~~~~~
~~~~~~~~
    + CategoryInfo   
           : NotSpe  
  cified: (e: file   
 :///C:/U...nce '    
TextView'.:Strin    
g) [], RemoteExc    
eption
    + FullyQualified 
   ErrorId : Native  
  CommandError
 
e: file:///C:/Users/m
ukht/Desktop/Android/
Vitalis/app/src/main/
java/com/gideongeng/V
italis/UI/Home_fragme
nt/Profile/Profile_fr
agment.kt:169:44 
Cannot infer type 
for this parameter. 
Please specify it 
explicitly.
e: file:///C:/Users/m
ukht/Desktop/Android/
Vitalis/app/src/main/
java/com/gideongeng/V
italis/UI/Home_fragme
nt/Profile/Profile_fr
agment.kt:173:17 
Unresolved reference 
'text'.
e: file:///C:/Users/m
ukht/Desktop/Android/
Vitalis/app/src/main/
java/com/gideongeng/V
italis/UI/Home_fragme
nt/Profile/Profile_fr
agment.kt:255:29 
Unresolved reference 
'content'.
e: file:///C:/Users/m
ukht/Desktop/Android/
Vitalis/app/src/main/
java/com/gideongeng/V
italis/UI/Home_fragme
nt/Profile/Profile_fr
agment.kt:262:29 
Unresolved reference 
'content'.

FAILURE: Build 
failed with an 
exception.

* What went wrong:
Execution failed for 
task ':app:compileDeb
ugKotlin'.
> A failure occurred 
while executing org.j
etbrains.kotlin.compi
lerRunner.GradleCompi
lerRunnerWithWorkers$
GradleKotlinCompilerW
orkAction
   > Compilation 
error. See log for 
more details

* Try:
> Run with --info or 
--debug option to 
get more log output.
> Run with --scan to 
get full insights.
> Get more help at ht
tps://help.gradle.org
.

* Exception is:
org.gradle.api.tasks.
TaskExecutionExceptio
n: Execution failed 
for task ':app:compil
eDebugKotlin'.
	at org.gradle.api.in
ternal.tasks.executio
n.ExecuteActionsTaskE
xecuter.lambda$execut
eIfValid$1(ExecuteAct
ionsTaskExecuter.java
:130)
	at org.gradle.intern
al.Try$Failure.ifSucc
essfulOrElse(Try.java
:282)
	at org.gradle.api.in
ternal.tasks.executio
n.ExecuteActionsTaskE
xecuter.executeIfVali
d(ExecuteActionsTaskE
xecuter.java:128)
	at org.gradle.api.in
ternal.tasks.executio
n.ExecuteActionsTaskE
xecuter.execute(Execu
teActionsTaskExecuter
.java:116)
	at org.gradle.api.in
ternal.tasks.executio
n.FinalizePropertiesT
askExecuter.execute(F
inalizePropertiesTask
Executer.java:46)
	at org.gradle.api.in
ternal.tasks.executio
n.ResolveTaskExecutio
nModeExecuter.execute
(ResolveTaskExecution
ModeExecuter.java:51)
	at org.gradle.api.in
ternal.tasks.executio
n.SkipTaskWithNoActio
nsExecuter.execute(Sk
ipTaskWithNoActionsEx
ecuter.java:57)
	at org.gradle.api.in
ternal.tasks.executio
n.SkipOnlyIfTaskExecu
ter.execute(SkipOnlyI
fTaskExecuter.java:74
)
	at org.gradle.api.in
ternal.tasks.executio
n.CatchExceptionTaskE
xecuter.execute(Catch
ExceptionTaskExecuter
.java:36)
	at org.gradle.api.in
ternal.tasks.executio
n.EventFiringTaskExec
uter$1.executeTask(Ev
entFiringTaskExecuter
.java:77)
	at org.gradle.api.in
ternal.tasks.executio
n.EventFiringTaskExec
uter$1.call(EventFiri
ngTaskExecuter.java:5
5)
	at org.gradle.api.in
ternal.tasks.executio
n.EventFiringTaskExec
uter$1.call(EventFiri
ngTaskExecuter.java:5
2)
	at org.gradle.intern
al.operations.Default
BuildOperationRunner$
CallableBuildOperatio
nWorker.execute(Defau
ltBuildOperationRunne
r.java:200)
	at org.gradle.intern
al.operations.Default
BuildOperationRunner$
CallableBuildOperatio
nWorker.execute(Defau
ltBuildOperationRunne
r.java:195)
	at org.gradle.intern
al.operations.Default
BuildOperationRunner$
2.execute(DefaultBuil
dOperationRunner.java
:66)
	at org.gradle.intern
al.operations.Default
BuildOperationRunner$
2.execute(DefaultBuil
dOperationRunner.java
:59)
	at org.gradle.intern
al.operations.Default
BuildOperationRunner.
execute(DefaultBuildO
perationRunner.java:1
57)
	at org.gradle.intern
al.operations.Default
BuildOperationRunner.
execute(DefaultBuildO
perationRunner.java:5
9)
	at org.gradle.intern
al.operations.Default
BuildOperationRunner.
call(DefaultBuildOper
ationRunner.java:53)
	at org.gradle.intern
al.operations.Default
BuildOperationExecuto
r.call(DefaultBuildOp
erationExecutor.java:
73)
	at org.gradle.api.in
ternal.tasks.executio
n.EventFiringTaskExec
uter.execute(EventFir
ingTaskExecuter.java:
52)
	at org.gradle.execut
ion.plan.LocalTaskNod
eExecutor.execute(Loc
alTaskNodeExecutor.ja
va:42)
	at org.gradle.execut
ion.taskgraph.Default
TaskExecutionGraph$In
vokeNodeExecutorsActi
on.execute(DefaultTas
kExecutionGraph.java:
331)
	at org.gradle.execut
ion.taskgraph.Default
TaskExecutionGraph$In
vokeNodeExecutorsActi
on.execute(DefaultTas
kExecutionGraph.java:
318)
	at org.gradle.execut
ion.taskgraph.Default
TaskExecutionGraph$Bu
ildOperationAwareExec
utionAction.lambda$ex
ecute$0(DefaultTaskEx
ecutionGraph.java:314
)
	at org.gradle.intern
al.operations.Current
BuildOperationRef.wit
h(CurrentBuildOperati
onRef.java:80)
	at org.gradle.execut
ion.taskgraph.Default
TaskExecutionGraph$Bu
ildOperationAwareExec
utionAction.execute(D
efaultTaskExecutionGr
aph.java:314)
	at org.gradle.execut
ion.taskgraph.Default
TaskExecutionGraph$Bu
ildOperationAwareExec
utionAction.execute(D
efaultTaskExecutionGr
aph.java:303)
	at org.gradle.execut
ion.plan.DefaultPlanE
xecutor$ExecutorWorke
r.execute(DefaultPlan
Executor.java:463)
	at org.gradle.execut
ion.plan.DefaultPlanE
xecutor$ExecutorWorke
r.run(DefaultPlanExec
utor.java:380)
	at org.gradle.intern
al.concurrent.Executo
rPolicy$CatchAndRecor
dFailures.onExecute(E
xecutorPolicy.java:64
)
	at org.gradle.intern
al.concurrent.Abstrac
tManagedExecutor$1.ru
n(AbstractManagedExec
utor.java:47)
Caused by: org.gradle
.workers.internal.Def
aultWorkerExecutor$Wo
rkExecutionException:
 A failure occurred 
while executing org.j
etbrains.kotlin.compi
lerRunner.GradleCompi
lerRunnerWithWorkers$
GradleKotlinCompilerW
orkAction
	at org.gradle.worker
s.internal.DefaultWor
kerExecutor$WorkItemE
xecution.waitForCompl
etion(DefaultWorkerEx
ecutor.java:287)
	at org.gradle.intern
al.work.DefaultAsyncW
orkTracker.lambda$wai
tForItemsAndGatherFai
lures$2(DefaultAsyncW
orkTracker.java:130)
	at org.gradle.intern
al.Factories$1.create
(Factories.java:31)
	at org.gradle.intern
al.work.DefaultWorker
LeaseService.withoutL
ocks(DefaultWorkerLea
seService.java:336)
	at org.gradle.intern
al.work.DefaultWorker
LeaseService.withoutL
ocks(DefaultWorkerLea
seService.java:319)
	at org.gradle.intern
al.work.DefaultWorker
LeaseService.withoutL
ock(DefaultWorkerLeas
eService.java:324)
	at org.gradle.intern
al.work.DefaultAsyncW
orkTracker.waitForIte
msAndGatherFailures(D
efaultAsyncWorkTracke
r.java:126)
	at org.gradle.intern
al.work.DefaultAsyncW
orkTracker.waitForIte
msAndGatherFailures(D
efaultAsyncWorkTracke
r.java:92)
	at org.gradle.intern
al.work.DefaultAsyncW
orkTracker.waitForAll
(DefaultAsyncWorkTrac
ker.java:78)
	at org.gradle.intern
al.work.DefaultAsyncW
orkTracker.waitForCom
pletion(DefaultAsyncW
orkTracker.java:66)
	at org.gradle.api.in
ternal.tasks.executio
n.TaskExecution$3.run
(TaskExecution.java:2
52)
	at org.gradle.intern
al.operations.Default
BuildOperationRunner$
1.execute(DefaultBuil
dOperationRunner.java
:29)
	at org.gradle.intern
al.operations.Default
BuildOperationRunner$
1.execute(DefaultBuil
dOperationRunner.java
:26)
	at org.gradle.intern
al.operations.Default
BuildOperationRunner$
2.execute(DefaultBuil
dOperationRunner.java
:66)
	at org.gradle.intern
al.operations.Default
BuildOperationRunner$
2.execute(DefaultBuil
dOperationRunner.java
:59)
	at org.gradle.intern
al.operations.Default
BuildOperationRunner.
execute(DefaultBuildO
perationRunner.java:1
57)
	at org.gradle.intern
al.operations.Default
BuildOperationRunner.
execute(DefaultBuildO
perationRunner.java:5
9)
	at org.gradle.intern
al.operations.Default
BuildOperationRunner.
run(DefaultBuildOpera
tionRunner.java:47)
	at org.gradle.intern
al.operations.Default
BuildOperationExecuto
r.run(DefaultBuildOpe
rationExecutor.java:6
8)
	at org.gradle.api.in
ternal.tasks.executio
n.TaskExecution.execu
teAction(TaskExecutio
n.java:229)
	at org.gradle.api.in
ternal.tasks.executio
n.TaskExecution.execu
teActions(TaskExecuti
on.java:212)
	at org.gradle.api.in
ternal.tasks.executio
n.TaskExecution.execu
teWithPreviousOutputF
iles(TaskExecution.ja
va:195)
	at org.gradle.api.in
ternal.tasks.executio
n.TaskExecution.execu
te(TaskExecution.java
:162)
	at org.gradle.intern
al.execution.steps.Ex
ecuteStep.executeInte
rnal(ExecuteStep.java
:105)
	at org.gradle.intern
al.execution.steps.Ex
ecuteStep.access$000(
ExecuteStep.java:44)
	at org.gradle.intern
al.execution.steps.Ex
ecuteStep$1.call(Exec
uteStep.java:59)
	at org.gradle.intern
al.execution.steps.Ex
ecuteStep$1.call(Exec
uteStep.java:56)
	at org.gradle.intern
al.operations.Default
BuildOperationRunner$
CallableBuildOperatio
nWorker.execute(Defau
ltBuildOperationRunne
r.java:200)
	at org.gradle.intern
al.operations.Default
BuildOperationRunner$
CallableBuildOperatio
nWorker.execute(Defau
ltBuildOperationRunne
r.java:195)
	at org.gradle.intern
al.operations.Default
BuildOperationRunner$
2.execute(DefaultBuil
dOperationRunner.java
:66)
	at org.gradle.intern
al.operations.Default
BuildOperationRunner$
2.execute(DefaultBuil
dOperationRunner.java
:59)
	at org.gradle.intern
al.operations.Default
BuildOperationRunner.
execute(DefaultBuildO
perationRunner.java:1
57)
	at org.gradle.intern
al.operations.Default
BuildOperationRunner.
execute(DefaultBuildO
perationRunner.java:5
9)
	at org.gradle.intern
al.operations.Default
BuildOperationRunner.
call(DefaultBuildOper
ationRunner.java:53)
	at org.gradle.intern
al.operations.Default
BuildOperationExecuto
r.call(DefaultBuildOp
erationExecutor.java:
73)
	at org.gradle.intern
al.execution.steps.Ex
ecuteStep.execute(Exe
cuteStep.java:56)
	at org.gradle.intern
al.execution.steps.Ex
ecuteStep.execute(Exe
cuteStep.java:44)
	at org.gradle.intern
al.execution.steps.Ca
ncelExecutionStep.exe
cute(CancelExecutionS
tep.java:41)
	at org.gradle.intern
al.execution.steps.Ti
meoutStep.executeWith
outTimeout(TimeoutSte
p.java:74)
	at org.gradle.intern
al.execution.steps.Ti
meoutStep.execute(Tim
eoutStep.java:55)
	at org.gradle.intern
al.execution.steps.Pr
eCreateOutputParentsS
tep.execute(PreCreate
OutputParentsStep.jav
a:50)
	at org.gradle.intern
al.execution.steps.Pr
eCreateOutputParentsS
tep.execute(PreCreate
OutputParentsStep.jav
a:28)
	at org.gradle.intern
al.execution.steps.Re
movePreviousOutputsSt
ep.execute(RemovePrev
iousOutputsStep.java:
67)
	at org.gradle.intern
al.execution.steps.Re
movePreviousOutputsSt
ep.execute(RemovePrev
iousOutputsStep.java:
37)
	at org.gradle.intern
al.execution.steps.Br
oadcastChangingOutput
sStep.execute(Broadca
stChangingOutputsStep
.java:61)
	at org.gradle.intern
al.execution.steps.Br
oadcastChangingOutput
sStep.execute(Broadca
stChangingOutputsStep
.java:26)
	at org.gradle.intern
al.execution.steps.Ca
ptureOutputsAfterExec
utionStep.execute(Cap
tureOutputsAfterExecu
tionStep.java:67)
	at org.gradle.intern
al.execution.steps.Ca
ptureOutputsAfterExec
utionStep.execute(Cap
tureOutputsAfterExecu
tionStep.java:45)
	at org.gradle.intern
al.execution.steps.Re
solveInputChangesStep
.execute(ResolveInput
ChangesStep.java:40)
	at org.gradle.intern
al.execution.steps.Re
solveInputChangesStep
.execute(ResolveInput
ChangesStep.java:29)
	at org.gradle.intern
al.execution.steps.Bu
ildCacheStep.executeW
ithoutCache(BuildCach
eStep.java:189)
	at org.gradle.intern
al.execution.steps.Bu
ildCacheStep.lambda$e
xecute$1(BuildCacheSt
ep.java:75)
	at org.gradle.intern
al.Either$Right.fold(
Either.java:175)
	at org.gradle.intern
al.execution.caching.
CachingState.fold(Cac
hingState.java:62)
	at org.gradle.intern
al.execution.steps.Bu
ildCacheStep.execute(
BuildCacheStep.java:7
3)
	at org.gradle.intern
al.execution.steps.Bu
ildCacheStep.execute(
BuildCacheStep.java:4
8)
	at org.gradle.intern
al.execution.steps.St
oreExecutionStateStep
.execute(StoreExecuti
onStateStep.java:46)
	at org.gradle.intern
al.execution.steps.St
oreExecutionStateStep
.execute(StoreExecuti
onStateStep.java:35)
	at org.gradle.intern
al.execution.steps.Sk
ipUpToDateStep.execut
eBecause(SkipUpToDate
Step.java:76)
	at org.gradle.intern
al.execution.steps.Sk
ipUpToDateStep.lambda
$execute$2(SkipUpToDa
teStep.java:54)
	at org.gradle.intern
al.execution.steps.Sk
ipUpToDateStep.execut
e(SkipUpToDateStep.ja
va:54)
	at org.gradle.intern
al.execution.steps.Sk
ipUpToDateStep.execut
e(SkipUpToDateStep.ja
va:36)
	at org.gradle.intern
al.execution.steps.le
gacy.MarkSnapshotting
InputsFinishedStep.ex
ecute(MarkSnapshottin
gInputsFinishedStep.j
ava:37)
	at org.gradle.intern
al.execution.steps.le
gacy.MarkSnapshotting
InputsFinishedStep.ex
ecute(MarkSnapshottin
gInputsFinishedStep.j
ava:27)
	at org.gradle.intern
al.execution.steps.Re
solveIncrementalCachi
ngStateStep.executeDe
legate(ResolveIncreme
ntalCachingStateStep.
java:49)
	at org.gradle.intern
al.execution.steps.Re
solveIncrementalCachi
ngStateStep.executeDe
legate(ResolveIncreme
ntalCachingStateStep.
java:27)
	at org.gradle.intern
al.execution.steps.Ab
stractResolveCachingS
tateStep.execute(Abst
ractResolveCachingSta
teStep.java:71)
	at org.gradle.intern
al.execution.steps.Ab
stractResolveCachingS
tateStep.execute(Abst
ractResolveCachingSta
teStep.java:39)
	at org.gradle.intern
al.execution.steps.Re
solveChangesStep.exec
ute(ResolveChangesSte
p.java:65)
	at org.gradle.intern
al.execution.steps.Re
solveChangesStep.exec
ute(ResolveChangesSte
p.java:36)
	at org.gradle.intern
al.execution.steps.Va
lidateStep.execute(Va
lidateStep.java:106)
	at org.gradle.intern
al.execution.steps.Va
lidateStep.execute(Va
lidateStep.java:55)
	at org.gradle.intern
al.execution.steps.Ab
stractCaptureStateBef
oreExecutionStep.exec
ute(AbstractCaptureSt
ateBeforeExecutionSte
p.java:64)
	at org.gradle.intern
al.execution.steps.Ab
stractCaptureStateBef
oreExecutionStep.exec
ute(AbstractCaptureSt
ateBeforeExecutionSte
p.java:43)
	at org.gradle.intern
al.execution.steps.Ab
stractSkipEmptyWorkSt
ep.executeWithNonEmpt
ySources(AbstractSkip
EmptyWorkStep.java:12
5)
	at org.gradle.intern
al.execution.steps.Ab
stractSkipEmptyWorkSt
ep.execute(AbstractSk
ipEmptyWorkStep.java:
61)
	at org.gradle.intern
al.execution.steps.Ab
stractSkipEmptyWorkSt
ep.execute(AbstractSk
ipEmptyWorkStep.java:
36)
	at org.gradle.intern
al.execution.steps.le
gacy.MarkSnapshotting
InputsStartedStep.exe
cute(MarkSnapshotting
InputsStartedStep.jav
a:38)
	at org.gradle.intern
al.execution.steps.Lo
adPreviousExecutionSt
ateStep.execute(LoadP
reviousExecutionState
Step.java:36)
	at org.gradle.intern
al.execution.steps.Lo
adPreviousExecutionSt
ateStep.execute(LoadP
reviousExecutionState
Step.java:23)
	at org.gradle.intern
al.execution.steps.Ha
ndleStaleOutputsStep.
execute(HandleStaleOu
tputsStep.java:75)
	at org.gradle.intern
al.execution.steps.Ha
ndleStaleOutputsStep.
execute(HandleStaleOu
tputsStep.java:41)
	at org.gradle.intern
al.execution.steps.As
signMutableWorkspaceS
tep.lambda$execute$0(
AssignMutableWorkspac
eStep.java:35)
	at org.gradle.api.in
ternal.tasks.executio
n.TaskExecution$4.wit
hWorkspace(TaskExecut
ion.java:289)
	at org.gradle.intern
al.execution.steps.As
signMutableWorkspaceS
tep.execute(AssignMut
ableWorkspaceStep.jav
a:31)
	at org.gradle.intern
al.execution.steps.As
signMutableWorkspaceS
tep.execute(AssignMut
ableWorkspaceStep.jav
a:22)
	at org.gradle.intern
al.execution.steps.Ch
oosePipelineStep.exec
ute(ChoosePipelineSte
p.java:40)
	at org.gradle.intern
al.execution.steps.Ch
oosePipelineStep.exec
ute(ChoosePipelineSte
p.java:23)
	at org.gradle.intern
al.execution.steps.Ex
ecuteWorkBuildOperati
onFiringStep.lambda$e
xecute$2(ExecuteWorkB
uildOperationFiringSt
ep.java:67)
	at org.gradle.intern
al.execution.steps.Ex
ecuteWorkBuildOperati
onFiringStep.execute(
ExecuteWorkBuildOpera
tionFiringStep.java:6
7)
	at org.gradle.intern
al.execution.steps.Ex
ecuteWorkBuildOperati
onFiringStep.execute(
ExecuteWorkBuildOpera
tionFiringStep.java:3
9)
	at org.gradle.intern
al.execution.steps.Id
entityCacheStep.execu
te(IdentityCacheStep.
java:46)
	at org.gradle.intern
al.execution.steps.Id
entityCacheStep.execu
te(IdentityCacheStep.
java:34)
	at org.gradle.intern
al.execution.steps.Id
entifyStep.execute(Id
entifyStep.java:48)
	at org.gradle.intern
al.execution.steps.Id
entifyStep.execute(Id
entifyStep.java:35)
	at org.gradle.intern
al.execution.impl.Def
aultExecutionEngine$1
.execute(DefaultExecu
tionEngine.java:61)
	at org.gradle.api.in
ternal.tasks.executio
n.ExecuteActionsTaskE
xecuter.executeIfVali
d(ExecuteActionsTaskE
xecuter.java:127)
	at org.gradle.api.in
ternal.tasks.executio
n.ExecuteActionsTaskE
xecuter.execute(Execu
teActionsTaskExecuter
.java:116)
	at org.gradle.api.in
ternal.tasks.executio
n.FinalizePropertiesT
askExecuter.execute(F
inalizePropertiesTask
Executer.java:46)
	at org.gradle.api.in
ternal.tasks.executio
n.ResolveTaskExecutio
nModeExecuter.execute
(ResolveTaskExecution
ModeExecuter.java:51)
	at org.gradle.api.in
ternal.tasks.executio
n.SkipTaskWithNoActio
nsExecuter.execute(Sk
ipTaskWithNoActionsEx
ecuter.java:57)
	at org.gradle.api.in
ternal.tasks.executio
n.SkipOnlyIfTaskExecu
ter.execute(SkipOnlyI
fTaskExecuter.java:74
)
	at org.gradle.api.in
ternal.tasks.executio
n.CatchExceptionTaskE
xecuter.execute(Catch
ExceptionTaskExecuter
.java:36)
	at org.gradle.api.in
ternal.tasks.executio
n.EventFiringTaskExec
uter$1.executeTask(Ev
entFiringTaskExecuter
.java:77)
	at org.gradle.api.in
ternal.tasks.executio
n.EventFiringTaskExec
uter$1.call(EventFiri
ngTaskExecuter.java:5
5)
	at org.gradle.api.in
ternal.tasks.executio
n.EventFiringTaskExec
uter$1.call(EventFiri
ngTaskExecuter.java:5
2)
	at org.gradle.intern
al.operations.Default
BuildOperationRunner$
CallableBuildOperatio
nWorker.execute(Defau
ltBuildOperationRunne
r.java:200)
	at org.gradle.intern
al.operations.Default
BuildOperationRunner$
CallableBuildOperatio
nWorker.execute(Defau
ltBuildOperationRunne
r.java:195)
	at org.gradle.intern
al.operations.Default
BuildOperationRunner$
2.execute(DefaultBuil
dOperationRunner.java
:66)
	at org.gradle.intern
al.operations.Default
BuildOperationRunner$
2.execute(DefaultBuil
dOperationRunner.java
:59)
	at org.gradle.intern
al.operations.Default
BuildOperationRunner.
execute(DefaultBuildO
perationRunner.java:1
57)
	at org.gradle.intern
al.operations.Default
BuildOperationRunner.
execute(DefaultBuildO
perationRunner.java:5
9)
	at org.gradle.intern
al.operations.Default
BuildOperationRunner.
call(DefaultBuildOper
ationRunner.java:53)
	at org.gradle.intern
al.operations.Default
BuildOperationExecuto
r.call(DefaultBuildOp
erationExecutor.java:
73)
	at org.gradle.api.in
ternal.tasks.executio
n.EventFiringTaskExec
uter.execute(EventFir
ingTaskExecuter.java:
52)
	at org.gradle.execut
ion.plan.LocalTaskNod
eExecutor.execute(Loc
alTaskNodeExecutor.ja
va:42)
	at org.gradle.execut
ion.taskgraph.Default
TaskExecutionGraph$In
vokeNodeExecutorsActi
on.execute(DefaultTas
kExecutionGraph.java:
331)
	at org.gradle.execut
ion.taskgraph.Default
TaskExecutionGraph$In
vokeNodeExecutorsActi
on.execute(DefaultTas
kExecutionGraph.java:
318)
	at org.gradle.execut
ion.taskgraph.Default
TaskExecutionGraph$Bu
ildOperationAwareExec
utionAction.lambda$ex
ecute$0(DefaultTaskEx
ecutionGraph.java:314
)
	at org.gradle.intern
al.operations.Current
BuildOperationRef.wit
h(CurrentBuildOperati
onRef.java:80)
	at org.gradle.execut
ion.taskgraph.Default
TaskExecutionGraph$Bu
ildOperationAwareExec
utionAction.execute(D
efaultTaskExecutionGr
aph.java:314)
	at org.gradle.execut
ion.taskgraph.Default
TaskExecutionGraph$Bu
ildOperationAwareExec
utionAction.execute(D
efaultTaskExecutionGr
aph.java:303)
	at org.gradle.execut
ion.plan.DefaultPlanE
xecutor$ExecutorWorke
r.execute(DefaultPlan
Executor.java:463)
	at org.gradle.execut
ion.plan.DefaultPlanE
xecutor$ExecutorWorke
r.run(DefaultPlanExec
utor.java:380)
	at org.gradle.intern
al.concurrent.Executo
rPolicy$CatchAndRecor
dFailures.onExecute(E
xecutorPolicy.java:64
)
	at org.gradle.intern
al.concurrent.Abstrac
tManagedExecutor$1.ru
n(AbstractManagedExec
utor.java:47)
Caused by: org.jetbra
ins.kotlin.gradle.tas
ks.CompilationErrorEx
ception: Compilation 
error. See log for 
more details
	at org.jetbrains.kot
lin.gradle.tasks.Task
sUtilsKt.throwExcepti
onIfCompilationFailed
(tasksUtils.kt:21)
	at org.jetbrains.kot
lin.compilerRunner.Gr
adleKotlinCompilerWor
k.run(GradleKotlinCom
pilerWork.kt:119)
	at org.jetbrains.kot
lin.compilerRunner.Gr
adleCompilerRunnerWit
hWorkers$GradleKotlin
CompilerWorkAction.ex
ecute(GradleCompilerR
unnerWithWorkers.kt:7
6)
	at org.gradle.worker
s.internal.DefaultWor
kerServer.execute(Def
aultWorkerServer.java
:63)
	at org.gradle.worker
s.internal.NoIsolatio
nWorkerFactory$1$1.cr
eate(NoIsolationWorke
rFactory.java:66)
	at org.gradle.worker
s.internal.NoIsolatio
nWorkerFactory$1$1.cr
eate(NoIsolationWorke
rFactory.java:62)
	at org.gradle.intern
al.classloader.ClassL
oaderUtils.executeInC
lassloader(ClassLoade
rUtils.java:100)
	at org.gradle.worker
s.internal.NoIsolatio
nWorkerFactory$1.lamb
da$execute$0(NoIsolat
ionWorkerFactory.java
:62)
	at org.gradle.worker
s.internal.AbstractWo
rker$1.call(AbstractW
orker.java:44)
	at org.gradle.worker
s.internal.AbstractWo
rker$1.call(AbstractW
orker.java:41)
	at org.gradle.intern
al.operations.Default
BuildOperationRunner$
CallableBuildOperatio
nWorker.execute(Defau
ltBuildOperationRunne
r.java:200)
	at org.gradle.intern
al.operations.Default
BuildOperationRunner$
CallableBuildOperatio
nWorker.execute(Defau
ltBuildOperationRunne
r.java:195)
	at org.gradle.intern
al.operations.Default
BuildOperationRunner$
2.execute(DefaultBuil
dOperationRunner.java
:66)
	at org.gradle.intern
al.operations.Default
BuildOperationRunner$
2.execute(DefaultBuil
dOperationRunner.java
:59)
	at org.gradle.intern
al.operations.Default
BuildOperationRunner.
execute(DefaultBuildO
perationRunner.java:1
57)
	at org.gradle.intern
al.operations.Default
BuildOperationRunner.
execute(DefaultBuildO
perationRunner.java:5
9)
36 actionable tasks: 11 executed, 25 up-to-date
	at org.gradle.intern
al.operations.Default
BuildOperationRunner.
call(DefaultBuildOper
ationRunner.java:53)
	at org.gradle.intern
al.operations.Default
BuildOperationExecuto
r.call(DefaultBuildOp
erationExecutor.java:
73)
	at org.gradle.worker
s.internal.AbstractWo
rker.executeWrappedIn
BuildOperation(Abstra
ctWorker.java:41)
	at org.gradle.worker
s.internal.NoIsolatio
nWorkerFactory$1.exec
ute(NoIsolationWorker
Factory.java:59)
	at org.gradle.worker
s.internal.DefaultWor
kerExecutor.lambda$su
bmitWork$0(DefaultWor
kerExecutor.java:174)
	at org.gradle.intern
al.work.DefaultCondit
ionalExecutionQueue$E
xecutionRunner.runExe
cution(DefaultConditi
onalExecutionQueue.ja
va:187)
	at org.gradle.intern
al.work.DefaultCondit
ionalExecutionQueue$E
xecutionRunner.access
$700(DefaultCondition
alExecutionQueue.java
:120)
	at org.gradle.intern
al.work.DefaultCondit
ionalExecutionQueue$E
xecutionRunner$1.run(
DefaultConditionalExe
cutionQueue.java:162)
	at org.gradle.intern
al.Factories$1.create
(Factories.java:31)
	at org.gradle.intern
al.work.DefaultWorker
LeaseService.withLock
s(DefaultWorkerLeaseS
ervice.java:264)
	at org.gradle.intern
al.work.DefaultWorker
LeaseService.runAsWor
kerThread(DefaultWork
erLeaseService.java:1
28)
	at org.gradle.intern
al.work.DefaultWorker
LeaseService.runAsWor
kerThread(DefaultWork
erLeaseService.java:1
33)
	at org.gradle.intern
al.work.DefaultCondit
ionalExecutionQueue$E
xecutionRunner.runBat
ch(DefaultConditional
ExecutionQueue.java:1
57)
	at org.gradle.intern
al.work.DefaultCondit
ionalExecutionQueue$E
xecutionRunner.run(De
faultConditionalExecu
tionQueue.java:126)
	... 2 more


BUILD FAILED in 1m 
23s
