WARNING: We recommend using a newer Android Gradle plugin to use compileSdk = 35

This Android Gradle plugin (8.5.0) was tested up to compileSdk = 34.

You are strongly encouraged to update your project to use a newer
Android Gradle plugin that has been tested with compileSdk = 35.

If you are already using the latest version of the Android Gradle plugin,
you may need to wait until a newer version with support for compileSdk = 35 is available.

For more information refer to the compatibility table:
https://d.android.com/r/tools/api-level-support

To suppress this warning, add/update
    android.suppressUnsupportedCompileSdk=35
to this project's gradle.properties.
> Task :app:preBuild UP-TO-DATE
> Task :app:preReleaseBuild UP-TO-DATE
> Task :app:mergeReleaseJniLibFolders UP-TO-DATE
> Task :app:mergeReleaseNativeLibs UP-TO-DATE
> Task :app:stripReleaseDebugSymbols UP-TO-DATE
> Task :app:extractReleaseNativeSymbolTables UP-TO-DATE
> Task :app:mergeReleaseNativeDebugMetadata NO-SOURCE
> Task :app:checkReleaseDuplicateClasses UP-TO-DATE
> Task :app:mergeReleaseArtProfile UP-TO-DATE
> Task :app:buildKotlinToolingMetadata UP-TO-DATE
> Task :app:checkKotlinGradlePluginConfigurationErrors SKIPPED
> Task :app:dataBindingMergeDependencyArtifactsRelease UP-TO-DATE
> Task :app:generateReleaseResValues UP-TO-DATE
> Task :app:generateReleaseResources UP-TO-DATE
> Task :app:processReleaseGoogleServices UP-TO-DATE
> Task :app:mergeReleaseResources UP-TO-DATE
> Task :app:packageReleaseResources UP-TO-DATE
> Task :app:parseReleaseLocalResources UP-TO-DATE
> Task :app:dataBindingGenBaseClassesRelease UP-TO-DATE
> Task :app:generateReleaseBuildConfig UP-TO-DATE
> Task :app:checkReleaseAarMetadata UP-TO-DATE
> Task :app:mapReleaseSourceSetPaths UP-TO-DATE
> Task :app:createReleaseCompatibleScreenManifests UP-TO-DATE
> Task :app:extractDeepLinksRelease UP-TO-DATE
> Task :app:processReleaseMainManifest UP-TO-DATE
> Task :app:processReleaseManifest UP-TO-DATE
> Task :app:processReleaseManifestForPackage UP-TO-DATE
> Task :app:processReleaseResources UP-TO-DATE
> Task :app:kspReleaseKotlin UP-TO-DATE
> Task :app:kaptGenerateStubsReleaseKotlin UP-TO-DATE
> Task :app:kaptReleaseKotlin UP-TO-DATE
> Task :app:javaPreCompileRelease UP-TO-DATE
> Task :app:extractProguardFiles UP-TO-DATE
> Task :app:mergeReleaseStartupProfile UP-TO-DATE
> Task :app:mergeReleaseShaders UP-TO-DATE
> Task :app:compileReleaseShaders NO-SOURCE
> Task :app:generateReleaseAssets UP-TO-DATE
> Task :app:mergeReleaseAssets UP-TO-DATE
> Task :app:compressReleaseAssets UP-TO-DATE
> Task :app:extractReleaseVersionControlInfo UP-TO-DATE
> Task :app:processApplicationManifestReleaseForBundle UP-TO-DATE
> Task :app:bundleReleaseResources UP-TO-DATE
> Task :app:collectReleaseDependencies UP-TO-DATE
> Task :app:sdkReleaseDependencyData UP-TO-DATE
> Task :app:writeReleaseAppMetadata UP-TO-DATE
> Task :app:writeReleaseSigningConfigVersions UP-TO-DATE
> Task :app:generateReleaseFeatureMetadata UP-TO-DATE
> Task :app:configureReleaseDependencies UP-TO-DATE
> Task :app:parseReleaseIntegrityConfig UP-TO-DATE

> Task :app:compileReleaseKotlin FAILED
./gradlew : e: file:/
//C:/Users/mukht/Desk
top/Android/Vitalis/a
pp/src/main/java/com/
gideongeng/Vitalis/UI
/Auth/Login_fragment.
kt:306:27 Unresolved 
reference 
'FirebaseFirestore'.
At line:1 char:1
+ ./gradlew 
assembleRelease 
bundleRelease > 
build_log.txt 2>&1
+ ~~~~~~~~~~~~~~~~~~~
~~~~~~~~~~~~~~~~~~~~~
~~~~~~~~~~~~~~~~~~~~
    + CategoryInfo   
           : NotSpe  
  cified: (e: file   
 :///C:/U...baseF    
irestore'.:Strin    
g) [], RemoteExc    
eption
    + FullyQualified 
   ErrorId : Native  
  CommandError
 
e: file:///C:/Users/m
ukht/Desktop/Android/
Vitalis/app/src/main/
java/com/gideongeng/V
italis/UI/Auth/Login_
fragment.kt:309:27 
Unresolved reference 
'addOnSuccessListener
'.
e: file:///C:/Users/m
ukht/Desktop/Android/
Vitalis/app/src/main/
java/com/gideongeng/V
italis/UI/Auth/Login_
fragment.kt:309:50 
Cannot infer type 
for this parameter. 
Please specify it 
explicitly.
e: file:///C:/Users/m
ukht/Desktop/Android/
Vitalis/app/src/main/
java/com/gideongeng/V
italis/UI/Auth/Login_
fragment.kt:310:31 
Unresolved reference 
'exists'.
e: file:///C:/Users/m
ukht/Desktop/Android/
Vitalis/app/src/main/
java/com/gideongeng/V
italis/UI/Home_fragme
nt/Home_fragment.kt:1
14:39 Unresolved 
reference 
'fragment_container'.
e: file:///C:/Users/m
ukht/Desktop/Android/
Vitalis/app/src/main/
java/com/gideongeng/V
italis/UI/Home_fragme
nt/Home_fragment.kt:1
14:59 Unresolved 
reference 
'profile_fragment'.
e: file:///C:/Users/m
ukht/Desktop/Android/
Vitalis/app/src/main/
java/com/gideongeng/V
italis/UI/Home_fragme
nt/Home_fragment.kt:4
25:52 Unresolved 
reference 
'MainAuthentication'.
e: file:///C:/Users/m
ukht/Desktop/Android/
Vitalis/app/src/main/
java/com/gideongeng/V
italis/UI/Home_fragme
nt/Home_fragment.kt:4
25:78 Cannot infer 
type for this 
parameter. Please 
specify it 
explicitly.
e: file:///C:/Users/m
ukht/Desktop/Android/
Vitalis/app/src/main/
java/com/gideongeng/V
italis/UI/Home_fragme
nt/Home_fragment.kt:4
25:78 Unresolved 
reference. None of 
the following 
candidates is 
applicable because 
of a receiver type 
mismatch:
val <T> 
KClass<T>.java: 
Class<T>
e: file:///C:/Users/m
ukht/Desktop/Android/
Vitalis/app/src/main/
java/com/gideongeng/V
italis/UI/Home_fragme
nt/Profile/Profile_fr
agment.kt:297:56 
Unresolved reference 
'profile_img'.
e: file:///C:/Users/m
ukht/Desktop/Android/
Vitalis/app/src/main/
java/com/gideongeng/V
italis/UI/Home_fragme
nt/Profile/Profile_fr
agment.kt:298:25 
Unresolved reference 
'profile_img'.

FAILURE: Build 
failed with an 
exception.

* What went wrong:
Execution failed for 
task ':app:compileRel
easeKotlin'.
> A failure occurred 
while executing org.j
etbrains.kotlin.compi
lerRunner.GradleCompi
lerRunnerWithWorkers$
GradleKotlinCompilerW
orkAction
   > Compilation 
error. See log for 
more details

* Try:
> Run with 
--stacktrace option 
to get the stack 
trace.
> Run with --info or 
--debug option to 
get more log output.
> Run with --scan to 
get full insights.
> Get more help at ht
tps://help.gradle.org
.

BUILD FAILED in 15s
44 actionable tasks: 1 executed, 43 up-to-date
